Determining if the function sgemm_ exists failed with the following output:
Change Dir: /home/mio/FIles/ros/RC_2025/build/cartographer/CMakeFiles/CMakeTmp

Run Build Command(s):/usr/bin/gmake -f Makefile cmTC_c29e3/fast && /usr/bin/gmake  -f CMakeFiles/cmTC_c29e3.dir/build.make CMakeFiles/cmTC_c29e3.dir/build
gmake[1]: 进入目录“/home/mio/FIles/ros/RC_2025/build/cartographer/CMakeFiles/CMakeTmp”
Building C object CMakeFiles/cmTC_c29e3.dir/CheckFunctionExists.c.o
/usr/bin/cc   -DCHECK_FUNCTION_EXISTS=sgemm_ -o CMakeFiles/cmTC_c29e3.dir/CheckFunctionExists.c.o -c /usr/share/cmake-3.22/Modules/CheckFunctionExists.c
Linking C executable cmTC_c29e3
/usr/bin/cmake -E cmake_link_script CMakeFiles/cmTC_c29e3.dir/link.txt --verbose=1
/usr/bin/cc  -DCHECK_FUNCTION_EXISTS=sgemm_ CMakeFiles/cmTC_c29e3.dir/CheckFunctionExists.c.o -o cmTC_c29e3 
/usr/bin/ld: CMakeFiles/cmTC_c29e3.dir/CheckFunctionExists.c.o: in function `main':
CheckFunctionExists.c:(.text+0x14): undefined reference to `sgemm_'
collect2: error: ld returned 1 exit status
gmake[1]: *** [CMakeFiles/cmTC_c29e3.dir/build.make:99：cmTC_c29e3] 错误 1
gmake[1]: 离开目录“/home/mio/FIles/ros/RC_2025/build/cartographer/CMakeFiles/CMakeTmp”
gmake: *** [Makefile:127：cmTC_c29e3/fast] 错误 2



Determining if the function cheev_ exists failed with the following output:
Change Dir: /home/mio/FIles/ros/RC_2025/build/cartographer/CMakeFiles/CMakeTmp

Run Build Command(s):/usr/bin/gmake -f Makefile cmTC_ab192/fast && /usr/bin/gmake  -f CMakeFiles/cmTC_ab192.dir/build.make CMakeFiles/cmTC_ab192.dir/build
gmake[1]: 进入目录“/home/mio/FIles/ros/RC_2025/build/cartographer/CMakeFiles/CMakeTmp”
Building C object CMakeFiles/cmTC_ab192.dir/CheckFunctionExists.c.o
/usr/bin/cc   -DCHECK_FUNCTION_EXISTS=cheev_ -o CMakeFiles/cmTC_ab192.dir/CheckFunctionExists.c.o -c /usr/share/cmake-3.22/Modules/CheckFunctionExists.c
Linking C executable cmTC_ab192
/usr/bin/cmake -E cmake_link_script CMakeFiles/cmTC_ab192.dir/link.txt --verbose=1
/usr/bin/cc  -DCHECK_FUNCTION_EXISTS=cheev_ CMakeFiles/cmTC_ab192.dir/CheckFunctionExists.c.o -o cmTC_ab192  /usr/lib/x86_64-linux-gnu/libblas.so /usr/lib/x86_64-linux-gnu/libf77blas.so /usr/lib/x86_64-linux-gnu/libatlas.so -lm -ldl 
/usr/bin/ld: CMakeFiles/cmTC_ab192.dir/CheckFunctionExists.c.o: in function `main':
CheckFunctionExists.c:(.text+0x14): undefined reference to `cheev_'
collect2: error: ld returned 1 exit status
gmake[1]: *** [CMakeFiles/cmTC_ab192.dir/build.make:102：cmTC_ab192] 错误 1
gmake[1]: 离开目录“/home/mio/FIles/ros/RC_2025/build/cartographer/CMakeFiles/CMakeTmp”
gmake: *** [Makefile:127：cmTC_ab192/fast] 错误 2



Determining if the function cheev_ exists failed with the following output:
Change Dir: /home/mio/FIles/ros/RC_2025/build/cartographer/CMakeFiles/CMakeTmp

Run Build Command(s):/usr/bin/gmake -f Makefile cmTC_32744/fast && /usr/bin/gmake  -f CMakeFiles/cmTC_32744.dir/build.make CMakeFiles/cmTC_32744.dir/build
gmake[1]: 进入目录“/home/mio/FIles/ros/RC_2025/build/cartographer/CMakeFiles/CMakeTmp”
Building C object CMakeFiles/cmTC_32744.dir/CheckFunctionExists.c.o
/usr/bin/cc   -DCHECK_FUNCTION_EXISTS=cheev_ -o CMakeFiles/cmTC_32744.dir/CheckFunctionExists.c.o -c /usr/share/cmake-3.22/Modules/CheckFunctionExists.c
Linking C executable cmTC_32744
/usr/bin/cmake -E cmake_link_script CMakeFiles/cmTC_32744.dir/link.txt --verbose=1
/usr/bin/cc  -DCHECK_FUNCTION_EXISTS=cheev_ CMakeFiles/cmTC_32744.dir/CheckFunctionExists.c.o -o cmTC_32744  /usr/lib/x86_64-linux-gnu/liblapack.so /usr/lib/x86_64-linux-gnu/libblas.so /usr/lib/x86_64-linux-gnu/libf77blas.so /usr/lib/x86_64-linux-gnu/libatlas.so -fortranlibs 
cc: error: unrecognized command-line option ‘-fortranlibs’
gmake[1]: *** [CMakeFiles/cmTC_32744.dir/build.make:103：cmTC_32744] 错误 1
gmake[1]: 离开目录“/home/mio/FIles/ros/RC_2025/build/cartographer/CMakeFiles/CMakeTmp”
gmake: *** [Makefile:127：cmTC_32744/fast] 错误 2



