Determining if the function sgemm_ exists failed with the following output:
Change Dir: /home/mio/FIles/ros/RC_2025/build/cartographer_rviz/CMakeFiles/CMakeTmp

Run Build Command(s):/usr/bin/gmake -f Makefile cmTC_9e0a8/fast && /usr/bin/gmake  -f CMakeFiles/cmTC_9e0a8.dir/build.make CMakeFiles/cmTC_9e0a8.dir/build
gmake[1]: 进入目录“/home/mio/FIles/ros/RC_2025/build/cartographer_rviz/CMakeFiles/CMakeTmp”
Building C object CMakeFiles/cmTC_9e0a8.dir/CheckFunctionExists.c.o
/usr/bin/cc   -DCHECK_FUNCTION_EXISTS=sgemm_ -fPIE -o CMakeFiles/cmTC_9e0a8.dir/CheckFunctionExists.c.o -c /usr/share/cmake-3.22/Modules/CheckFunctionExists.c
Linking C executable cmTC_9e0a8
/usr/bin/cmake -E cmake_link_script CMakeFiles/cmTC_9e0a8.dir/link.txt --verbose=1
/usr/bin/cc  -DCHECK_FUNCTION_EXISTS=sgemm_ CMakeFiles/cmTC_9e0a8.dir/CheckFunctionExists.c.o -o cmTC_9e0a8 
/usr/bin/ld: CMakeFiles/cmTC_9e0a8.dir/CheckFunctionExists.c.o: in function `main':
CheckFunctionExists.c:(.text+0x14): undefined reference to `sgemm_'
collect2: error: ld returned 1 exit status
gmake[1]: *** [CMakeFiles/cmTC_9e0a8.dir/build.make:99：cmTC_9e0a8] 错误 1
gmake[1]: 离开目录“/home/mio/FIles/ros/RC_2025/build/cartographer_rviz/CMakeFiles/CMakeTmp”
gmake: *** [Makefile:127：cmTC_9e0a8/fast] 错误 2



Determining if the function cheev_ exists failed with the following output:
Change Dir: /home/mio/FIles/ros/RC_2025/build/cartographer_rviz/CMakeFiles/CMakeTmp

Run Build Command(s):/usr/bin/gmake -f Makefile cmTC_33c86/fast && /usr/bin/gmake  -f CMakeFiles/cmTC_33c86.dir/build.make CMakeFiles/cmTC_33c86.dir/build
gmake[1]: 进入目录“/home/mio/FIles/ros/RC_2025/build/cartographer_rviz/CMakeFiles/CMakeTmp”
Building C object CMakeFiles/cmTC_33c86.dir/CheckFunctionExists.c.o
/usr/bin/cc   -DCHECK_FUNCTION_EXISTS=cheev_ -fPIE -o CMakeFiles/cmTC_33c86.dir/CheckFunctionExists.c.o -c /usr/share/cmake-3.22/Modules/CheckFunctionExists.c
Linking C executable cmTC_33c86
/usr/bin/cmake -E cmake_link_script CMakeFiles/cmTC_33c86.dir/link.txt --verbose=1
/usr/bin/cc  -DCHECK_FUNCTION_EXISTS=cheev_ CMakeFiles/cmTC_33c86.dir/CheckFunctionExists.c.o -o cmTC_33c86  /usr/lib/x86_64-linux-gnu/libblas.so /usr/lib/x86_64-linux-gnu/libf77blas.so /usr/lib/x86_64-linux-gnu/libatlas.so -lm -ldl 
/usr/bin/ld: CMakeFiles/cmTC_33c86.dir/CheckFunctionExists.c.o: in function `main':
CheckFunctionExists.c:(.text+0x14): undefined reference to `cheev_'
collect2: error: ld returned 1 exit status
gmake[1]: *** [CMakeFiles/cmTC_33c86.dir/build.make:102：cmTC_33c86] 错误 1
gmake[1]: 离开目录“/home/mio/FIles/ros/RC_2025/build/cartographer_rviz/CMakeFiles/CMakeTmp”
gmake: *** [Makefile:127：cmTC_33c86/fast] 错误 2



Determining if the function cheev_ exists failed with the following output:
Change Dir: /home/mio/FIles/ros/RC_2025/build/cartographer_rviz/CMakeFiles/CMakeTmp

Run Build Command(s):/usr/bin/gmake -f Makefile cmTC_d0542/fast && /usr/bin/gmake  -f CMakeFiles/cmTC_d0542.dir/build.make CMakeFiles/cmTC_d0542.dir/build
gmake[1]: 进入目录“/home/mio/FIles/ros/RC_2025/build/cartographer_rviz/CMakeFiles/CMakeTmp”
Building C object CMakeFiles/cmTC_d0542.dir/CheckFunctionExists.c.o
/usr/bin/cc   -DCHECK_FUNCTION_EXISTS=cheev_ -fPIE -o CMakeFiles/cmTC_d0542.dir/CheckFunctionExists.c.o -c /usr/share/cmake-3.22/Modules/CheckFunctionExists.c
Linking C executable cmTC_d0542
/usr/bin/cmake -E cmake_link_script CMakeFiles/cmTC_d0542.dir/link.txt --verbose=1
/usr/bin/cc  -DCHECK_FUNCTION_EXISTS=cheev_ CMakeFiles/cmTC_d0542.dir/CheckFunctionExists.c.o -o cmTC_d0542  /usr/lib/x86_64-linux-gnu/liblapack.so /usr/lib/x86_64-linux-gnu/libblas.so /usr/lib/x86_64-linux-gnu/libf77blas.so /usr/lib/x86_64-linux-gnu/libatlas.so -fortranlibs 
cc: error: unrecognized command-line option ‘-fortranlibs’
gmake[1]: *** [CMakeFiles/cmTC_d0542.dir/build.make:103：cmTC_d0542] 错误 1
gmake[1]: 离开目录“/home/mio/FIles/ros/RC_2025/build/cartographer_rviz/CMakeFiles/CMakeTmp”
gmake: *** [Makefile:127：cmTC_d0542/fast] 错误 2



